#
# A fatal error has been detected by the Java Runtime Environment:
#
#  EXCEPTION_ACCESS_VIOLATION (0xc0000005) at pc=0x000000006fcda0a5, pid=7808, tid=0x0000000000002280
#
# JRE version: Java(TM) SE Runtime Environment (8.0_101-b13) (build 1.8.0_101-b13)
# Java VM: Java HotSpot(TM) 64-Bit Server VM (25.101-b13 mixed mode windows-amd64 compressed oops)
# Problematic frame:
# V  [jvm.dll+0x12a0a5]
#
# Failed to write core dump. Minidumps are not enabled by default on client versions of Windows
#
# If you would like to submit a bug report, please visit:
#   http://bugreport.java.com/bugreport/crash.jsp
#

---------------  T H R E A D  ---------------

Current thread (0x000000001e690800):  JavaThread "JDWP Transport Listener: dt_socket" daemon [_thread_in_vm, id=8832, stack(0x000000001f170000,0x000000001f270000)]

siginfo: ExceptionCode=0xc0000005, reading address 0xffffffffffffffff

Registers:
RAX=0x000000001f26f401, RBX=0x000000001e690800, RCX=0x6c65694665636e65, RDX=0x0000000000000000
RSP=0x000000001f26f3e0, RBP=0x6c65694665636e65, RSI=0x000000001f26f4f8, RDI=0x0000000002c22840
R8 =0x000000001e690800, R9 =0x0000000000008000, R10=0x0000000000000000, R11=0x0000000023d7dcb8
R12=0x0000000000000000, R13=0x000000001e686c88, R14=0x0000000000000000, R15=0x0000000000000000
RIP=0x000000006fcda0a5, EFLAGS=0x0000000000010206

Top of Stack: (sp=0x000000001f26f3e0)
0x000000001f26f3e0:   000000001e690800 000000001e690800
0x000000001f26f3f0:   000000001f26f4a8 000000006fee2f0b
0x000000001f26f400:   000000001e690800 000000006feff76d
0x000000001f26f410:   0000000000000000 0000000073af9155
0x000000001f26f420:   0000000023bad4b0 0000000073b0291e
0x000000001f26f430:   000000001e690800 0000000000000000
0x000000001f26f440:   0000000000000000 0000000000000000
0x000000001f26f450:   6c65694665636e65 0000000073b01a15
0x000000001f26f460:   000000001f26f4f8 000000001f26f4d0
0x000000001f26f470:   0000000000000001 0000000023bad4b0
0x000000001f26f480:   6c65694665636e65 0000000073ae53b3
0x000000001f26f490:   000000001f26f5c0 0000000000000001
0x000000001f26f4a0:   0000000000000001 0000000023bad4b0
0x000000001f26f4b0:   0000000000000001 0000000000000000
0x000000001f26f4c0:   0000000000000000 0000000000000000
0x000000001f26f4d0:   0000000000000001 0000000073ae5571 

Instructions: (pc=0x000000006fcda0a5)
0x000000006fcda085:   cc cc cc cc cc cc cc cc cc cc cc 48 83 ec 28 48
0x000000006fcda095:   85 c9 75 07 33 c0 48 83 c4 28 c3 48 89 5c 24 20
0x000000006fcda0a5:   48 8b 19 48 85 db 74 20 48 83 fb 37 74 1a 48 8b
0x000000006fcda0b5:   13 48 8b cb ff 52 10 84 c0 74 0d 48 8b c3 48 8b 


Register to memory mapping:

RAX=0x000000001f26f401 is pointing into the stack for thread: 0x000000001e690800
RBX=0x000000001e690800 is a thread
RCX=0x6c65694665636e65 is an unknown value
RDX=0x0000000000000000 is an unknown value
RSP=0x000000001f26f3e0 is pointing into the stack for thread: 0x000000001e690800
RBP=0x6c65694665636e65 is an unknown value
RSI=0x000000001f26f4f8 is pointing into the stack for thread: 0x000000001e690800
RDI=0x0000000002c22840 is an unknown value
R8 =0x000000001e690800 is a thread
R9 =0x0000000000008000 is an unknown value
R10=0x0000000000000000 is an unknown value
R11=0x0000000023d7dcb8 is an unknown value
R12=0x0000000000000000 is an unknown value
R13=0x000000001e686c88 is an unknown value
R14=0x0000000000000000 is an unknown value
R15=0x0000000000000000 is an unknown value


Stack: [0x000000001f170000,0x000000001f270000],  sp=0x000000001f26f3e0,  free space=1020k
Native frames: (J=compiled Java code, j=interpreted, Vv=VM code, C=native code)
V  [jvm.dll+0x12a0a5]
V  [jvm.dll+0x34f76d]
C  [jdwp.dll+0x21a15]
C  [jdwp.dll+0x53b3]
C  [jdwp.dll+0x5571]
C  [jdwp.dll+0xf0a8]
C  [jdwp.dll+0x1f2d5]
C  [jdwp.dll+0x1f4aa]
V  [jvm.dll+0x1bd258]
V  [jvm.dll+0x2451a4]
V  [jvm.dll+0x29c18a]
C  [msvcr100.dll+0x21d9f]
C  [msvcr100.dll+0x21e3b]
C  [KERNEL32.DLL+0x14034]
C  [ntdll.dll+0x73691]


---------------  P R O C E S S  ---------------

Java Threads: ( => current thread )
  0x0000000023d88800 JavaThread "DestroyJavaVM" [_thread_blocked, id=38128, stack(0x0000000002af0000,0x0000000002bf0000)]
  0x0000000023d81000 JavaThread "http-nio-8080-Acceptor" daemon [_thread_in_native, id=23012, stack(0x0000000027050000,0x0000000027150000)]
  0x0000000023d88000 JavaThread "http-nio-8080-ClientPoller" daemon [_thread_in_native, id=21452, stack(0x0000000026f50000,0x0000000027050000)]
  0x0000000023d80800 JavaThread "http-nio-8080-exec-10" daemon [_thread_blocked, id=48240, stack(0x0000000026e50000,0x0000000026f50000)]
  0x0000000023d87000 JavaThread "http-nio-8080-exec-9" daemon [_thread_blocked, id=4636, stack(0x0000000026d50000,0x0000000026e50000)]
  0x0000000023d85800 JavaThread "http-nio-8080-exec-8" daemon [_thread_blocked, id=62512, stack(0x0000000026c50000,0x0000000026d50000)]
  0x0000000023d83800 JavaThread "http-nio-8080-exec-7" daemon [_thread_blocked, id=59100, stack(0x0000000026b50000,0x0000000026c50000)]
  0x0000000023d85000 JavaThread "http-nio-8080-exec-6" daemon [_thread_blocked, id=63044, stack(0x0000000026a50000,0x0000000026b50000)]
  0x0000000023d82800 JavaThread "http-nio-8080-exec-5" daemon [_thread_blocked, id=49624, stack(0x0000000026950000,0x0000000026a50000)]
  0x0000000023d86800 JavaThread "http-nio-8080-exec-4" daemon [_thread_blocked, id=47084, stack(0x0000000026850000,0x0000000026950000)]
  0x0000000023d84000 JavaThread "http-nio-8080-exec-3" daemon [_thread_blocked, id=53412, stack(0x0000000026750000,0x0000000026850000)]
  0x0000000023d82000 JavaThread "http-nio-8080-exec-2" daemon [_thread_blocked, id=4496, stack(0x0000000026650000,0x0000000026750000)]
  0x0000000023346000 JavaThread "http-nio-8080-exec-1" daemon [_thread_blocked, id=7992, stack(0x0000000026550000,0x0000000026650000)]
  0x0000000023345800 JavaThread "http-nio-8080-BlockPoller" daemon [_thread_in_native, id=66184, stack(0x0000000026450000,0x0000000026550000)]
  0x0000000023344800 JavaThread "File Watcher" daemon [_thread_blocked, id=12872, stack(0x0000000026350000,0x0000000026450000)]
  0x0000000023344000 JavaThread "Live Reload Server" daemon [_thread_in_native, id=22516, stack(0x0000000025c50000,0x0000000025d50000)]
  0x0000000023349000 JavaThread "JMX server connection timeout 33" daemon [_thread_blocked, id=48740, stack(0x0000000025a50000,0x0000000025b50000)]
  0x0000000023343000 JavaThread "RMI Scheduler(0)" daemon [_thread_blocked, id=57392, stack(0x0000000025950000,0x0000000025a50000)]
  0x0000000023348800 JavaThread "RMI TCP Connection(idle)" daemon [_thread_blocked, id=53196, stack(0x0000000025850000,0x0000000025950000)]
  0x0000000023347800 JavaThread "HikariPool-1 housekeeper" daemon [_thread_blocked, id=38988, stack(0x0000000024950000,0x0000000024a50000)]
  0x0000000023347000 JavaThread "InterruptTimer" daemon [_thread_blocked, id=66220, stack(0x0000000024650000,0x0000000024750000)]
  0x000000002330f000 JavaThread "oracle.jdbc.driver.BlockSource.ThreadedCachingBlockSource.BlockReleaser" daemon [_thread_blocked, id=62480, stack(0x0000000024550000,0x0000000024650000)]
  0x000000002330e800 JavaThread "Timer-0" daemon [_thread_blocked, id=47272, stack(0x0000000024450000,0x0000000024550000)]
  0x0000000022110800 JavaThread "container-0" [_thread_blocked, id=15652, stack(0x0000000023180000,0x0000000023280000)]
  0x0000000022103000 JavaThread "Catalina-utility-2" [_thread_blocked, id=22448, stack(0x0000000023080000,0x0000000023180000)]
  0x00000000220fe800 JavaThread "Catalina-utility-1" [_thread_blocked, id=63468, stack(0x0000000022f80000,0x0000000023080000)]
  0x000000001fc57000 JavaThread "RMI TCP Accept-0" daemon [_thread_in_native, id=54328, stack(0x0000000020370000,0x0000000020470000)]
  0x000000001fc31000 JavaThread "RMI TCP Accept-54579" daemon [_thread_in_native, id=63780, stack(0x0000000020270000,0x0000000020370000)]
  0x000000001fc26800 JavaThread "RMI TCP Accept-0" daemon [_thread_in_native, id=57952, stack(0x0000000020170000,0x0000000020270000)]
  0x000000001e73d000 JavaThread "Service Thread" daemon [_thread_blocked, id=43880, stack(0x000000001f870000,0x000000001f970000)]
  0x000000001e6ad800 JavaThread "C1 CompilerThread3" daemon [_thread_blocked, id=65932, stack(0x000000001f770000,0x000000001f870000)]
  0x000000001e6ab000 JavaThread "C2 CompilerThread2" daemon [_thread_blocked, id=63796, stack(0x000000001f670000,0x000000001f770000)]
  0x000000001e6aa000 JavaThread "C2 CompilerThread1" daemon [_thread_blocked, id=49916, stack(0x000000001f570000,0x000000001f670000)]
  0x000000001e6a1000 JavaThread "C2 CompilerThread0" daemon [_thread_blocked, id=13336, stack(0x000000001f470000,0x000000001f570000)]
  0x000000001e695800 JavaThread "JDWP Command Reader" daemon [_thread_in_native, id=12528, stack(0x000000001f370000,0x000000001f470000)]
  0x000000001e692000 JavaThread "JDWP Event Helper Thread" daemon [_thread_blocked, id=21056, stack(0x000000001f270000,0x000000001f370000)]
=>0x000000001e690800 JavaThread "JDWP Transport Listener: dt_socket" daemon [_thread_in_vm, id=8832, stack(0x000000001f170000,0x000000001f270000)]
  0x000000001e671000 JavaThread "Attach Listener" daemon [_thread_blocked, id=4984, stack(0x000000001ed30000,0x000000001ee30000)]
  0x000000001e670800 JavaThread "Signal Dispatcher" daemon [_thread_blocked, id=36388, stack(0x000000001ec30000,0x000000001ed30000)]
  0x0000000002d1e000 JavaThread "Finalizer" daemon [_thread_blocked, id=61868, stack(0x000000001ea40000,0x000000001eb40000)]
  0x000000001c75d800 JavaThread "Reference Handler" daemon [_thread_blocked, id=51204, stack(0x000000001e540000,0x000000001e640000)]

Other Threads:
  0x000000001c759800 VMThread [stack: 0x000000001e440000,0x000000001e540000] [id=44052]
  0x000000001fc58000 WatcherThread [stack: 0x0000000020670000,0x0000000020770000] [id=12988]

VM state:not at safepoint (normal execution)

VM Mutex/Monitor currently owned by a thread: None

Heap:
 PSYoungGen      total 254464K, used 96954K [0x000000076b300000, 0x000000077ed00000, 0x00000007c0000000)
  eden space 235520K, 41% used [0x000000076b300000,0x00000007711aea50,0x0000000779900000)
  from space 18944K, 0% used [0x0000000779900000,0x0000000779900000,0x000000077ab80000)
  to   space 19968K, 0% used [0x000000077d980000,0x000000077d980000,0x000000077ed00000)
 ParOldGen       total 212992K, used 26532K [0x00000006c1800000, 0x00000006ce800000, 0x000000076b300000)
  object space 212992K, 12% used [0x00000006c1800000,0x00000006c31e9330,0x00000006ce800000)
 Metaspace       used 64403K, capacity 67194K, committed 67328K, reserved 1107968K
  class space    used 8967K, capacity 9444K, committed 9472K, reserved 1048576K

Card table byte_map: [0x00000000120e0000,0x00000000128e0000] byte_map_base: 0x000000000ead4000

Marking Bits: (ParMarkBitMap*) 0x00000000703ca6d0
 Begin Bits: [0x0000000013630000, 0x00000000175d0000)
 End Bits:   [0x00000000175d0000, 0x000000001b570000)

Polling page: 0x0000000000d80000

CodeCache: size=245760Kb used=10621Kb max_used=10641Kb free=235138Kb
 bounds [0x0000000002d20000, 0x0000000003790000, 0x0000000011d20000]
 total_blobs=5909 nmethods=5294 adapters=534
 compilation: enabled

Compilation events (10 events):
Event: 147.703 Thread 0x000000001e6ad800 5389       1       java.util.concurrent.locks.AbstractQueuedSynchronizer$ConditionObject::awaitNanos (156 bytes)
Event: 147.704 Thread 0x000000001e6ad800 nmethod 5389 0x000000000330f9d0 code [0x000000000330fc20, 0x0000000003310458]
Event: 162.672 Thread 0x000000001e6ad800 5390       1       sun.nio.ch.WindowsSelectorImpl::adjustThreadsCount (133 bytes)
Event: 162.672 Thread 0x000000001e6ad800 nmethod 5390 0x000000000330ed10 code [0x000000000330ef00, 0x000000000330f338]
Event: 162.672 Thread 0x000000001e6ad800 5391       1       java.nio.channels.spi.AbstractSelector::begin (48 bytes)
Event: 162.673 Thread 0x000000001e6ad800 nmethod 5391 0x000000000330e410 code [0x000000000330e5a0, 0x000000000330ea38]
Event: 162.673 Thread 0x000000001e6ad800 5392       1       sun.nio.ch.WindowsSelectorImpl$SubSelector::poll (47 bytes)
Event: 162.674 Thread 0x000000001e6ad800 nmethod 5392 0x000000000330e010 code [0x000000000330e180, 0x000000000330e328]
Event: 162.674 Thread 0x000000001e6ad800 5393       1       sun.nio.ch.WindowsSelectorImpl::access$1600 (5 bytes)
Event: 162.674 Thread 0x000000001e6ad800 nmethod 5393 0x0000000003237410 code [0x0000000003237560, 0x0000000003237650]

GC Heap History (10 events):
Event: 3.114 GC heap before
{Heap before GC invocations=8 (full 1):
 PSYoungGen      total 168448K, used 36291K [0x000000076b300000, 0x0000000778800000, 0x00000007c0000000)
  eden space 155136K, 15% used [0x000000076b300000,0x000000076ca782d0,0x0000000774a80000)
  from space 13312K, 92% used [0x0000000775900000,0x00000007764f8b70,0x0000000776600000)
  to   space 14848K, 0% used [0x0000000774a80000,0x0000000774a80000,0x0000000775900000)
 ParOldGen       total 101888K, used 7990K [0x00000006c1800000, 0x00000006c7b80000, 0x000000076b300000)
  object space 101888K, 7% used [0x00000006c1800000,0x00000006c1fcda60,0x00000006c7b80000)
 Metaspace       used 33800K, capacity 35458K, committed 35496K, reserved 1079296K
  class space    used 4499K, capacity 4850K, committed 4864K, reserved 1048576K
Event: 3.123 GC heap after
Heap after GC invocations=8 (full 1):
 PSYoungGen      total 169984K, used 12656K [0x000000076b300000, 0x000000077be00000, 0x00000007c0000000)
  eden space 155136K, 0% used [0x000000076b300000,0x000000076b300000,0x0000000774a80000)
  from space 14848K, 85% used [0x0000000774a80000,0x00000007756dc0e8,0x0000000775900000)
  to   space 16384K, 0% used [0x000000077ae00000,0x000000077ae00000,0x000000077be00000)
 ParOldGen       total 101888K, used 7998K [0x00000006c1800000, 0x00000006c7b80000, 0x000000076b300000)
  object space 101888K, 7% used [0x00000006c1800000,0x00000006c1fcfa60,0x00000006c7b80000)
 Metaspace       used 33800K, capacity 35458K, committed 35496K, reserved 1079296K
  class space    used 4499K, capacity 4850K, committed 4864K, reserved 1048576K
}
Event: 3.123 GC heap before
{Heap before GC invocations=9 (full 2):
 PSYoungGen      total 169984K, used 12656K [0x000000076b300000, 0x000000077be00000, 0x00000007c0000000)
  eden space 155136K, 0% used [0x000000076b300000,0x000000076b300000,0x0000000774a80000)
  from space 14848K, 85% used [0x0000000774a80000,0x00000007756dc0e8,0x0000000775900000)
  to   space 16384K, 0% used [0x000000077ae00000,0x000000077ae00000,0x000000077be00000)
 ParOldGen       total 101888K, used 7998K [0x00000006c1800000, 0x00000006c7b80000, 0x000000076b300000)
  object space 101888K, 7% used [0x00000006c1800000,0x00000006c1fcfa60,0x00000006c7b80000)
 Metaspace       used 33800K, capacity 35458K, committed 35496K, reserved 1079296K
  class space    used 4499K, capacity 4850K, committed 4864K, reserved 1048576K
Event: 3.166 GC heap after
Heap after GC invocations=9 (full 2):
 PSYoungGen      total 169984K, used 0K [0x000000076b300000, 0x000000077be00000, 0x00000007c0000000)
  eden space 155136K, 0% used [0x000000076b300000,0x000000076b300000,0x0000000774a80000)
  from space 14848K, 0% used [0x0000000774a80000,0x0000000774a80000,0x0000000775900000)
  to   space 16384K, 0% used [0x000000077ae00000,0x000000077ae00000,0x000000077be00000)
 ParOldGen       total 158208K, used 17380K [0x00000006c1800000, 0x00000006cb280000, 0x000000076b300000)
  object space 158208K, 10% used [0x00000006c1800000,0x00000006c28f90a0,0x00000006cb280000)
 Metaspace       used 33800K, capacity 35458K, committed 35496K, reserved 1079296K
  class space    used 4499K, capacity 4850K, committed 4864K, reserved 1048576K
}
Event: 4.433 GC heap before
{Heap before GC invocations=10 (full 2):
 PSYoungGen      total 169984K, used 155136K [0x000000076b300000, 0x000000077be00000, 0x00000007c0000000)
  eden space 155136K, 100% used [0x000000076b300000,0x0000000774a80000,0x0000000774a80000)
  from space 14848K, 0% used [0x0000000774a80000,0x0000000774a80000,0x0000000775900000)
  to   space 16384K, 0% used [0x000000077ae00000,0x000000077ae00000,0x000000077be00000)
 ParOldGen       total 158208K, used 17380K [0x00000006c1800000, 0x00000006cb280000, 0x000000076b300000)
  object space 158208K, 10% used [0x00000006c1800000,0x00000006c28f90a0,0x00000006cb280000)
 Metaspace       used 49895K, capacity 51784K, committed 51968K, reserved 1093632K
  class space    used 7002K, capacity 7393K, committed 7424K, reserved 1048576K
Event: 4.445 GC heap after
Heap after GC invocations=10 (full 2):
 PSYoungGen      total 243712K, used 16373K [0x000000076b300000, 0x000000077be00000, 0x00000007c0000000)
  eden space 227328K, 0% used [0x000000076b300000,0x000000076b300000,0x0000000779100000)
  from space 16384K, 99% used [0x000000077ae00000,0x000000077bdfd770,0x000000077be00000)
  to   space 18944K, 0% used [0x0000000779900000,0x0000000779900000,0x000000077ab80000)
 ParOldGen       total 158208K, used 17782K [0x00000006c1800000, 0x00000006cb280000, 0x000000076b300000)
  object space 158208K, 11% used [0x00000006c1800000,0x00000006c295d868,0x00000006cb280000)
 Metaspace       used 49895K, capacity 51784K, committed 51968K, reserved 1093632K
  class space    used 7002K, capacity 7393K, committed 7424K, reserved 1048576K
}
Event: 28.166 GC heap before
{Heap before GC invocations=11 (full 2):
 PSYoungGen      total 243712K, used 166563K [0x000000076b300000, 0x000000077be00000, 0x00000007c0000000)
  eden space 227328K, 66% used [0x000000076b300000,0x00000007745ab560,0x0000000779100000)
  from space 16384K, 99% used [0x000000077ae00000,0x000000077bdfd770,0x000000077be00000)
  to   space 18944K, 0% used [0x0000000779900000,0x0000000779900000,0x000000077ab80000)
 ParOldGen       total 158208K, used 17782K [0x00000006c1800000, 0x00000006cb280000, 0x000000076b300000)
  object space 158208K, 11% used [0x00000006c1800000,0x00000006c295d868,0x00000006cb280000)
 Metaspace       used 56441K, capacity 59096K, committed 59136K, reserved 1099776K
  class space    used 7932K, capacity 8427K, committed 8448K, reserved 1048576K
Event: 28.176 GC heap after
Heap after GC invocations=11 (full 2):
 PSYoungGen      total 254464K, used 14339K [0x000000076b300000, 0x000000077ed00000, 0x00000007c0000000)
  eden space 235520K, 0% used [0x000000076b300000,0x000000076b300000,0x0000000779900000)
  from space 18944K, 75% used [0x0000000779900000,0x000000077a700d08,0x000000077ab80000)
  to   space 19968K, 0% used [0x000000077d980000,0x000000077d980000,0x000000077ed00000)
 ParOldGen       total 158208K, used 17790K [0x00000006c1800000, 0x00000006cb280000, 0x000000076b300000)
  object space 158208K, 11% used [0x00000006c1800000,0x00000006c295f868,0x00000006cb280000)
 Metaspace       used 56441K, capacity 59096K, committed 59136K, reserved 1099776K
  class space    used 7932K, capacity 8427K, committed 8448K, reserved 1048576K
}
Event: 28.176 GC heap before
{Heap before GC invocations=12 (full 3):
 PSYoungGen      total 254464K, used 14339K [0x000000076b300000, 0x000000077ed00000, 0x00000007c0000000)
  eden space 235520K, 0% used [0x000000076b300000,0x000000076b300000,0x0000000779900000)
  from space 18944K, 75% used [0x0000000779900000,0x000000077a700d08,0x000000077ab80000)
  to   space 19968K, 0% used [0x000000077d980000,0x000000077d980000,0x000000077ed00000)
 ParOldGen       total 158208K, used 17790K [0x00000006c1800000, 0x00000006cb280000, 0x000000076b300000)
  object space 158208K, 11% used [0x00000006c1800000,0x00000006c295f868,0x00000006cb280000)
 Metaspace       used 56441K, capacity 59096K, committed 59136K, reserved 1099776K
  class space    used 7932K, capacity 8427K, committed 8448K, reserved 1048576K
Event: 28.325 GC heap after
Heap after GC invocations=12 (full 3):
 PSYoungGen      total 254464K, used 0K [0x000000076b300000, 0x000000077ed00000, 0x00000007c0000000)
  eden space 235520K, 0% used [0x000000076b300000,0x000000076b300000,0x0000000779900000)
  from space 18944K, 0% used [0x0000000779900000,0x0000000779900000,0x000000077ab80000)
  to   space 19968K, 0% used [0x000000077d980000,0x000000077d980000,0x000000077ed00000)
 ParOldGen       total 212992K, used 26532K [0x00000006c1800000, 0x00000006ce800000, 0x000000076b300000)
  object space 212992K, 12% used [0x00000006c1800000,0x00000006c31e9330,0x00000006ce800000)
 Metaspace       used 56441K, capacity 59096K, committed 59136K, reserved 1099776K
  class space    used 7932K, capacity 8427K, committed 8448K, reserved 1048576K
}

Deoptimization events (0 events):
No events

Internal exceptions (10 events):
Event: 41.806 Thread 0x0000000023d86800 Exception <a 'java/security/PrivilegedActionException'> (0x000000076ecb8670) thrown at [C:\re\workspace\8-2-build-windows-amd64-cygwin\jdk8u101\7261\hotspot\src\share\vm\prims\jvm.cpp, line 1386]
Event: 41.806 Thread 0x0000000023d86800 Exception <a 'java/security/PrivilegedActionException'> (0x000000076ecb9020) thrown at [C:\re\workspace\8-2-build-windows-amd64-cygwin\jdk8u101\7261\hotspot\src\share\vm\prims\jvm.cpp, line 1386]
Event: 41.807 Thread 0x0000000023d86800 Exception <a 'java/security/PrivilegedActionException'> (0x000000076ecd5968) thrown at [C:\re\workspace\8-2-build-windows-amd64-cygwin\jdk8u101\7261\hotspot\src\share\vm\prims\jvm.cpp, line 1386]
Event: 41.807 Thread 0x0000000023d86800 Exception <a 'java/security/PrivilegedActionException'> (0x000000076ecd6318) thrown at [C:\re\workspace\8-2-build-windows-amd64-cygwin\jdk8u101\7261\hotspot\src\share\vm\prims\jvm.cpp, line 1386]
Event: 41.807 Thread 0x0000000023d86800 Exception <a 'java/security/PrivilegedActionException'> (0x000000076ece1d30) thrown at [C:\re\workspace\8-2-build-windows-amd64-cygwin\jdk8u101\7261\hotspot\src\share\vm\prims\jvm.cpp, line 1386]
Event: 41.807 Thread 0x0000000023d86800 Exception <a 'java/security/PrivilegedActionException'> (0x000000076ece26e0) thrown at [C:\re\workspace\8-2-build-windows-amd64-cygwin\jdk8u101\7261\hotspot\src\share\vm\prims\jvm.cpp, line 1386]
Event: 41.808 Thread 0x0000000023d86800 Exception <a 'java/security/PrivilegedActionException'> (0x000000076ecee190) thrown at [C:\re\workspace\8-2-build-windows-amd64-cygwin\jdk8u101\7261\hotspot\src\share\vm\prims\jvm.cpp, line 1386]
Event: 41.808 Thread 0x0000000023d86800 Exception <a 'java/security/PrivilegedActionException'> (0x000000076eceeb40) thrown at [C:\re\workspace\8-2-build-windows-amd64-cygwin\jdk8u101\7261\hotspot\src\share\vm\prims\jvm.cpp, line 1386]
Event: 41.808 Thread 0x0000000023d86800 Exception <a 'java/security/PrivilegedActionException'> (0x000000076ecfab08) thrown at [C:\re\workspace\8-2-build-windows-amd64-cygwin\jdk8u101\7261\hotspot\src\share\vm\prims\jvm.cpp, line 1386]
Event: 41.808 Thread 0x0000000023d86800 Exception <a 'java/security/PrivilegedActionException'> (0x000000076ecfb4b8) thrown at [C:\re\workspace\8-2-build-windows-amd64-cygwin\jdk8u101\7261\hotspot\src\share\vm\prims\jvm.cpp, line 1386]

Events (10 events):
Event: 162.543 Executing VM operation: EnterInterpOnlyMode
Event: 162.544 Executing nested VM operation: Deoptimize
Event: 162.545 Executing nested VM operation: Deoptimize done
Event: 162.545 Executing VM operation: EnterInterpOnlyMode done
Event: 162.545 Executing VM operation: ChangeSingleStep
Event: 162.545 Executing VM operation: ChangeSingleStep done
Event: 162.545 Executing VM operation: ChangeSingleStep
Event: 162.545 Executing VM operation: ChangeSingleStep done
Event: 162.584 Executing VM operation: RedefineClasses
Event: 162.613 Executing VM operation: RedefineClasses done


Dynamic libraries:
0x00007ff63c370000 - 0x00007ff63c3a7000 	C:\Program Files\Java\jre1.8.0_101\bin\javaw.exe
0x00007ffbe5610000 - 0x00007ffbe57f1000 	C:\Windows\SYSTEM32\ntdll.dll
0x00007ffbe2df0000 - 0x00007ffbe2ea1000 	C:\Windows\System32\KERNEL32.DLL
0x00007ffbe1f60000 - 0x00007ffbe21d3000 	C:\Windows\System32\KERNELBASE.dll
0x00007ffbe4770000 - 0x00007ffbe4811000 	C:\Windows\System32\ADVAPI32.dll
0x00007ffbe54d0000 - 0x00007ffbe556e000 	C:\Windows\System32\msvcrt.dll
0x00007ffbe4820000 - 0x00007ffbe487b000 	C:\Windows\System32\sechost.dll
0x00007ffbe4d80000 - 0x00007ffbe4ea4000 	C:\Windows\System32\RPCRT4.dll
0x00007ffbe4a10000 - 0x00007ffbe4ba0000 	C:\Windows\System32\USER32.dll
0x00007ffbe1d10000 - 0x00007ffbe1d30000 	C:\Windows\System32\win32u.dll
0x00007ffbe49e0000 - 0x00007ffbe4a08000 	C:\Windows\System32\GDI32.dll
0x00007ffbe21e0000 - 0x00007ffbe2371000 	C:\Windows\System32\gdi32full.dll
0x00007ffbe1e40000 - 0x00007ffbe1edf000 	C:\Windows\System32\msvcp_win.dll
0x00007ffbe19d0000 - 0x00007ffbe1ac8000 	C:\Windows\System32\ucrtbase.dll
0x00007ffbe0580000 - 0x00007ffbe07e9000 	C:\Windows\WinSxS\amd64_microsoft.windows.common-controls_6595b64144ccf1df_6.0.17134.1006_none_d3fbb8f77c940c3f\COMCTL32.dll
0x00007ffbe4f10000 - 0x00007ffbe5231000 	C:\Windows\System32\combase.dll
0x00007ffbe1ee0000 - 0x00007ffbe1f59000 	C:\Windows\System32\bcryptPrimitives.dll
0x00007ffbe5240000 - 0x00007ffbe526d000 	C:\Windows\System32\IMM32.DLL
0x00007ffbe0860000 - 0x00007ffbe08ba000 	C:\PROGRA~2\BMCSOF~1\Marimba\Tuner\lib\MRBHOO~1.DLL
0x00007ffbba7b0000 - 0x00007ffbbae9c000 	C:\Program Files\McAfee\DLP\Agent\fcagpph64.dll
0x00007ffbe3300000 - 0x00007ffbe4742000 	C:\Windows\System32\SHELL32.dll
0x00007ffbe1ad0000 - 0x00007ffbe1b19000 	C:\Windows\System32\cfgmgr32.dll
0x00007ffbe5410000 - 0x00007ffbe54b9000 	C:\Windows\System32\shcore.dll
0x00007ffbe2380000 - 0x00007ffbe2a8e000 	C:\Windows\System32\windows.storage.dll
0x00007ffbe4eb0000 - 0x00007ffbe4f01000 	C:\Windows\System32\shlwapi.dll
0x00007ffbe1960000 - 0x00007ffbe1971000 	C:\Windows\System32\kernel.appcore.dll
0x00007ffbe19b0000 - 0x00007ffbe19cf000 	C:\Windows\System32\profapi.dll
0x00007ffbe1910000 - 0x00007ffbe195c000 	C:\Windows\System32\powrprof.dll
0x00007ffbe1980000 - 0x00007ffbe198a000 	C:\Windows\System32\FLTLIB.DLL
0x00007ffbe4c20000 - 0x00007ffbe4d71000 	C:\Windows\System32\ole32.dll
0x00007ffbe2d20000 - 0x00007ffbe2de2000 	C:\Windows\System32\OLEAUT32.dll
0x00007ffbd7ac0000 - 0x00007ffbd7b45000 	C:\Windows\SYSTEM32\WINSPOOL.DRV
0x00007ffbd3bf0000 - 0x00007ffbd3bfa000 	C:\Windows\SYSTEM32\VERSION.dll
0x00007ffbdf5a0000 - 0x00007ffbdf755000 	C:\Windows\SYSTEM32\PROPSYS.dll
0x00007ffbe0ee0000 - 0x00007ffbe0f18000 	C:\Windows\SYSTEM32\IPHLPAPI.DLL
0x00007ffbe1470000 - 0x00007ffbe1495000 	C:\Windows\SYSTEM32\bcrypt.dll
0x00007ffbe1840000 - 0x00007ffbe1870000 	C:\Windows\SYSTEM32\SspiCli.dll
0x00007ffbe0200000 - 0x00007ffbe0231000 	C:\Windows\SYSTEM32\ntmarta.dll
0x00000000732b0000 - 0x0000000073382000 	C:\Program Files\Java\jre1.8.0_101\bin\msvcr100.dll
0x000000006fbb0000 - 0x000000007044a000 	C:\Program Files\Java\jre1.8.0_101\bin\server\jvm.dll
0x0000000000d70000 - 0x0000000000d78000 	C:\Windows\System32\PSAPI.DLL
0x00007ffbd07c0000 - 0x00007ffbd07c9000 	C:\Windows\SYSTEM32\WSOCK32.dll
0x00007ffbe4970000 - 0x00007ffbe49dc000 	C:\Windows\System32\WS2_32.dll
0x00007ffbdea60000 - 0x00007ffbdea83000 	C:\Windows\SYSTEM32\WINMM.dll
0x00007ffbdea30000 - 0x00007ffbdea5a000 	C:\Windows\SYSTEM32\WINMMBASE.dll
0x0000000073b40000 - 0x0000000073b4f000 	C:\Program Files\Java\jre1.8.0_101\bin\verify.dll
0x00000000737d0000 - 0x00000000737f9000 	C:\Program Files\Java\jre1.8.0_101\bin\java.dll
0x0000000073ae0000 - 0x0000000073b15000 	C:\Program Files\Java\jre1.8.0_101\bin\jdwp.dll
0x0000000073a40000 - 0x0000000073a48000 	C:\Program Files\Java\jre1.8.0_101\bin\npt.dll
0x0000000073a90000 - 0x0000000073aa6000 	C:\Program Files\Java\jre1.8.0_101\bin\zip.dll
0x0000000073a30000 - 0x0000000073a39000 	C:\Program Files\Java\jre1.8.0_101\bin\dt_socket.dll
0x00007ffbc4eb0000 - 0x00007ffbc4ec6000 	C:\Windows\system32\napinsp.dll
0x00007ffbc4e90000 - 0x00007ffbc4eaa000 	C:\Windows\system32\pnrpnsp.dll
0x00007ffbdd140000 - 0x00007ffbdd159000 	C:\Windows\system32\NLAapi.dll
0x00007ffbe1190000 - 0x00007ffbe11f6000 	C:\Windows\System32\mswsock.dll
0x00007ffbe0f20000 - 0x00007ffbe0fde000 	C:\Windows\SYSTEM32\DNSAPI.dll
0x00007ffbe54c0000 - 0x00007ffbe54c8000 	C:\Windows\System32\NSI.dll
0x00007ffbcce40000 - 0x00007ffbcce4e000 	C:\Windows\System32\winrnr.dll
0x00007ffbc4e70000 - 0x00007ffbc4e85000 	C:\Windows\System32\wshbth.dll
0x00007ffbdc5e0000 - 0x00007ffbdc652000 	C:\Windows\System32\fwpuclnt.dll
0x00007ffbd6fa0000 - 0x00007ffbd6faa000 	C:\Windows\System32\rasadhlp.dll
0x0000000073750000 - 0x000000007375d000 	C:\Program Files\Java\jre1.8.0_101\bin\management.dll
0x0000000072df0000 - 0x0000000072e0a000 	C:\Program Files\Java\jre1.8.0_101\bin\net.dll
0x0000000072d90000 - 0x0000000072da1000 	C:\Program Files\Java\jre1.8.0_101\bin\nio.dll
0x00007ffbe1340000 - 0x00007ffbe1357000 	C:\Windows\SYSTEM32\CRYPTSP.dll
0x00007ffbe0b10000 - 0x00007ffbe0b43000 	C:\Windows\system32\rsaenh.dll
0x00007ffbe1810000 - 0x00007ffbe1838000 	C:\Windows\SYSTEM32\USERENV.dll
0x00007ffbe1360000 - 0x00007ffbe136b000 	C:\Windows\SYSTEM32\CRYPTBASE.dll
0x00007ffbdb1a0000 - 0x00007ffbdb1b6000 	C:\Windows\SYSTEM32\dhcpcsvc6.DLL
0x00007ffbd9d80000 - 0x00007ffbd9d9a000 	C:\Windows\SYSTEM32\dhcpcsvc.DLL
0x0000000072d60000 - 0x0000000072d84000 	C:\Program Files\Java\jre1.8.0_101\bin\sunec.dll
0x00007ffbdfc40000 - 0x00007ffbdfe09000 	C:\Windows\SYSTEM32\dbghelp.dll

VM Arguments:
jvm_args: -agentlib:jdwp=transport=dt_socket,suspend=y,address=localhost:54580 -Dcom.sun.management.jmxremote -Dcom.sun.management.jmxremote.port=54579 -Dcom.sun.management.jmxremote.authenticate=false -Dcom.sun.management.jmxremote.ssl=false -Djava.rmi.server.hostname=localhost -Dspring.jmx.enabled=true -Dspring.application.admin.enabled=true -Xverify:none -XX:TieredStopAtLevel=1 -Dfile.encoding=UTF-8 
java_command: com.java.spring.loanapplication.LoanApplication --spring.output.ansi.enabled=always
java_class_path (initial): D:\workspace\spring_boot_projects\SpringBoot\loan-application\target\classes;C:\Users\sathishkumar_s\.m2\repository\org\springframework\boot\spring-boot-starter-web\2.1.9.RELEASE\spring-boot-starter-web-2.1.9.RELEASE.jar;C:\Users\sathishkumar_s\.m2\repository\org\springframework\boot\spring-boot-starter\2.1.9.RELEASE\spring-boot-starter-2.1.9.RELEASE.jar;C:\Users\sathishkumar_s\.m2\repository\org\springframework\boot\spring-boot-starter-logging\2.1.9.RELEASE\spring-boot-starter-logging-2.1.9.RELEASE.jar;C:\Users\sathishkumar_s\.m2\repository\ch\qos\logback\logback-classic\1.2.3\logback-classic-1.2.3.jar;C:\Users\sathishkumar_s\.m2\repository\ch\qos\logback\logback-core\1.2.3\logback-core-1.2.3.jar;C:\Users\sathishkumar_s\.m2\repository\org\apache\logging\log4j\log4j-to-slf4j\2.11.2\log4j-to-slf4j-2.11.2.jar;C:\Users\sathishkumar_s\.m2\repository\org\apache\logging\log4j\log4j-api\2.11.2\log4j-api-2.11.2.jar;C:\Users\sathishkumar_s\.m2\repository\org\slf4j\jul-to-slf4j\1.7.28\jul-to-slf4j-1.7.28.jar;C:\Users\sathishkumar_s\.m2\repository\javax\annotation\javax.annotation-api\1.3.2\javax.annotation-api-1.3.2.jar;C:\Users\sathishkumar_s\.m2\repository\org\yaml\snakeyaml\1.23\snakeyaml-1.23.jar;C:\Users\sathishkumar_s\.m2\repository\org\springframework\boot\spring-boot-starter-json\2.1.9.RELEASE\spring-boot-starter-json-2.1.9.RELEASE.jar;C:\Users\sathishkumar_s\.m2\repository\com\fasterxml\jackson\core\jackson-databind\2.9.9.3\jackson-databind-2.9.9.3.jar;C:\Users\sathishkumar_s\.m2\repository\com\fasterxml\jackson\core\jackson-annotations\2.9.0\jackson-annotations-2.9.0.jar;C:\Users\sathishkumar_s\.m2\repository\com\fasterxml\jackson\core\jackson-core\2.9.9\jackson-core-2.9.9.jar;C:\Users\sathishkumar_s\.m2\repository\com\fasterxml\jackson\datatype\jackson-datatype-jdk8\2.9.9\jackson-datatype-jdk8-2.9.9.jar;C:\Users\sathishkumar_s\.m2\repository\com\fasterxml\jackson\datatype\jackson-datatype-jsr310\2.9.9\jackson-datatype-jsr310-2.9.9.jar;C
Launcher Type: SUN_STANDARD

Environment Variables:
JAVA_HOME=C:\Program Files\ojdkbuild\java-11-openjdk-11.0.3-1
PATH=C:/Program Files/Java/jre1.8.0_101/bin/server;C:/Program Files/Java/jre1.8.0_101/bin;C:/Program Files/Java/jre1.8.0_101/lib/amd64;C:\Program Files\Python37\Scripts\;C:\Program Files\Python37\;C:\oraclexe\app\oracle\product\10.2.0\server\bin;C:\ProgramData\Oracle\Java\javapath;C:\Windows\system32;C:\Windows;C:\Windows\System32\Wbem;C:\Windows\System32\WindowsPowerShell\v1.0\;C:\Windows\System32\OpenSSH\;C:\Program Files (x86)\TortoiseGit\bin;C:\Program Files\Microsoft VS Code\bin;C:\Program Files\nodejs\;D:\apache-maven-3.6.0\bin;C:\Program Files (x86)\spring-2.2.0.BUILD-SNAPSHOT\bin;C:\oraclexe\app\oracle\product\10.2.0\server\bin;C:\ProgramData\Oracle\Java\javapath;C:\Windows\system32;C:\Windows;C:\Windows\System32\Wbem;C:\Windows\System32\WindowsPowerShell\v1.0\;C:\Windows\System32\OpenSSH\;C:\Program Files (x86)\TortoiseGit\bin;C:\Program Files\Microsoft VS Code\bin;C:\Program Files\nodejs\;D:\apache-maven-3.6.0\bin;C:\Program Files (x86)\spring-2.2.0.BUILD-SNAPSHOT\bin;C:\Users\sathishkumar_s\AppData\Local\Microsoft\WindowsApps;C:\Users\sat;C:\Program Files\ojdkbuild\java-11-openjdk-11.0.3-1\bin;C:\oraclexe\app\oracle\product\10.2.0\server\bin;C:\ProgramData\Oracle\Java\javapath;C:\Windows\sys;C:\Program Files (x86)\Git\bin;C:\oraclexe\app\oracle\product\10.2.0\server\bin;C:\ProgramData\Oracle\Java\javapath;C:\Windows\system32;C:\Windows;C:\Windows\System32\Wbem;C:\Windows\System32\WindowsPowerShell\v1.0\;C:\Windows\System32\OpenSSH\;C:\Program Files (x86)\TortoiseGit\bin;C:\Program Files\Microsoft VS Code\bin;C:\Program Files\nodejs\;D:\apache-maven-3.6.0\bin;C:\Program Files (x86)\spring-2.2.0.BUILD-SNAPSHOT\bin;C:\Users\sathishkumar_s\AppData\Local\Microsoft\WindowsApps;C:\Users\sathishkumar_s\AppData\Local\GitHubDesktop\bin;C:\Program Files\ojdkbuild\java-11-openjdk-11.0.3-1\bin;;D:\eclipse\SpringToolSuite-4.3.2.RELEASE;
USERNAME=sathishkumar_s
OS=Windows_NT
PROCESSOR_IDENTIFIER=Intel64 Family 6 Model 142 Stepping 10, GenuineIntel



---------------  S Y S T E M  ---------------

OS: Windows 10.0 , 64 bit Build 17134 (10.0.17134.753)

CPU:total 8 (4 cores per cpu, 2 threads per core) family 6 model 142 stepping 10, cmov, cx8, fxsr, mmx, sse, sse2, sse3, ssse3, sse4.1, sse4.2, popcnt, avx, avx2, aes, clmul, erms, 3dnowpref, lzcnt, ht, tsc, tscinvbit, bmi1, bmi2, adx

Memory: 4k page, physical 16671608k(2290112k free), swap 26125724k(5275336k free)

vm_info: Java HotSpot(TM) 64-Bit Server VM (25.101-b13) for windows-amd64 JRE (1.8.0_101-b13), built on Jun 22 2016 01:21:29 by "java_re" with MS VC++ 10.0 (VS2010)

time: Thu Oct 10 15:40:40 2019
elapsed time: 162 seconds (0d 0h 2m 42s)

